#
# There is insufficient memory for the Java Runtime Environment to continue.
# Native memory allocation (malloc) failed to allocate 1048576 bytes for AllocateHeap
# Possible reasons:
#   The system is out of physical RAM or swap space
#   The process is running with CompressedOops enabled, and the Java Heap may be blocking the growth of the native heap
# Possible solutions:
#   Reduce memory load on the system
#   Increase physical memory or swap space
#   Check if swap backing store is full
#   Decrease Java heap size (-Xmx/-Xms)
#   Decrease number of Java threads
#   Decrease Java thread stack sizes (-Xss)
#   Set larger code cache with -XX:ReservedCodeCacheSize=
#   JVM is running with Unscaled Compressed Oops mode in which the Java heap is
#     placed in the first 4GB address space. The Java Heap base address is the
#     maximum limit for the native heap growth. Please use -XX:HeapBaseMinAddress
#     to set the Java Heap base and to place the Java Heap above 4GB virtual address.
# This output file may be truncated or incomplete.
#
#  Out of Memory Error (allocation.cpp:44), pid=10468, tid=17256
#
# JRE version:  (18.0.2.1+1) (build )
# Java VM: Java HotSpot(TM) 64-Bit Server VM (18.0.2.1+1-1, mixed mode, sharing, tiered, compressed oops, compressed class ptrs, g1 gc, windows-amd64)
# No core dump will be written. Minidumps are not enabled by default on client versions of Windows
#

---------------  S U M M A R Y ------------

Command Line: -Dfile.encoding=UTF-8 -Dstdout.encoding=UTF-8 -Dstderr.encoding=UTF-8 --module-path=C:\Users\DELL\eclipse-workspace\CalculatorProject\bin -XX:+ShowCodeDetailsInExceptionMessages -Djdk.module.main=CalculatorProject CalculatorProject/calculator.Main

Host: 11th Gen Intel(R) Core(TM) i5-1135G7 @ 2.40GHz, 8 cores, 3G,  Windows 11 , 64 bit Build 22621 (10.0.22621.4391)
Time: Wed Jan 29 20:16:35 2025 India Standard Time elapsed time: 0.035546 seconds (0d 0h 0m 0s)

---------------  T H R E A D  ---------------

Current thread (0x000001f419020990):  JavaThread "Unknown thread" [_thread_in_vm, id=17256, stack(0x000000bd05400000,0x000000bd05500000)]

Stack: [0x000000bd05400000,0x000000bd05500000]
Native frames: (J=compiled Java code, j=interpreted, Vv=VM code, C=native code)
V  [jvm.dll+0x6993aa]
V  [jvm.dll+0x7f46dd]
V  [jvm.dll+0x7f5fee]
V  [jvm.dll+0x7f66a3]
V  [jvm.dll+0x25cf1f]
V  [jvm.dll+0xb31af]
V  [jvm.dll+0x2f7f89]
V  [jvm.dll+0x7c32db]
V  [jvm.dll+0x38be61]
V  [jvm.dll+0x7a2023]
V  [jvm.dll+0x40dc3f]
V  [jvm.dll+0x40f611]
C  [jli.dll+0x526b]
C  [ucrtbase.dll+0x29333]
C  [KERNEL32.DLL+0x1259d]
C  [ntdll.dll+0x5af38]


---------------  P R O C E S S  ---------------

Threads class SMR info:
_java_thread_list=0x00007ffcc481e550, length=0, elements={
}

Java Threads: ( => current thread )

Other Threads:

=>0x000001f419020990 (exited) JavaThread "Unknown thread" [_thread_in_vm, id=17256, stack(0x000000bd05400000,0x000000bd05500000)]

Threads with active compile tasks:

VM state: not at safepoint (not fully initialized)

VM Mutex/Monitor currently owned by a thread: None

Heap address: 0x0000000000000000, size: 0 MB, Compressed Oops mode: 32-bit

CDS archive(s) mapped at: [0x0000000000000000-0x0000000000000000-0x0000000000000000), size 0, SharedBaseAddress: 0x0000000800000000, ArchiveRelocationMode: 0.
Narrow klass base: 0x0000000000000000, Narrow klass shift: 0, Narrow klass range: 0x0

GC Precious Log:
 CardTable entry size: 512
 Card Set container configuration: InlinePtr #cards 5 size 8 Array Of Cards #cards 12 size 40 Howl #buckets 4 coarsen threshold 1843 Howl Bitmap #cards 512 size 80 coarsen threshold 460 Card regions per heap region 1 cards per card region 2048

GC Heap History (0 events):
No events

Deoptimization events (0 events):
No events

Classes loaded (0 events):
No events

Classes unloaded (0 events):
No events

Classes redefined (0 events):
No events

Internal exceptions (0 events):
No events

VM Operations (0 events):
No events

Events (1 events):
Event: 0.031 Loaded shared library C:\Program Files\Java\jdk-18.0.2.1\bin\java.dll


Dynamic libraries:
0x00007ff6cd860000 - 0x00007ff6cd870000 	C:\Program Files\Java\jdk-18.0.2.1\bin\javaw.exe
0x00007ffd64830000 - 0x00007ffd64a47000 	C:\WINDOWS\SYSTEM32\ntdll.dll
0x00007ffd62b80000 - 0x00007ffd62c44000 	C:\WINDOWS\System32\KERNEL32.DLL
0x00007ffd61c90000 - 0x00007ffd6204a000 	C:\WINDOWS\System32\KERNELBASE.dll
0x00007ffd62050000 - 0x00007ffd62161000 	C:\WINDOWS\System32\ucrtbase.dll
0x00007ffd5ae10000 - 0x00007ffd5ae2a000 	C:\Program Files\Java\jdk-18.0.2.1\bin\VCRUNTIME140.dll
0x00007ffd5cac0000 - 0x00007ffd5cad8000 	C:\Program Files\Java\jdk-18.0.2.1\bin\jli.dll
0x00007ffd63a20000 - 0x00007ffd63ad2000 	C:\WINDOWS\System32\ADVAPI32.dll
0x00007ffd631e0000 - 0x00007ffd63287000 	C:\WINDOWS\System32\msvcrt.dll
0x00007ffd62d00000 - 0x00007ffd62da7000 	C:\WINDOWS\System32\sechost.dll
0x00007ffd61c60000 - 0x00007ffd61c88000 	C:\WINDOWS\System32\bcrypt.dll
0x00007ffd629d0000 - 0x00007ffd62ae4000 	C:\WINDOWS\System32\RPCRT4.dll
0x00007ffd635d0000 - 0x00007ffd6377e000 	C:\WINDOWS\System32\USER32.dll
0x00007ffd62210000 - 0x00007ffd62236000 	C:\WINDOWS\System32\win32u.dll
0x00007ffd62db0000 - 0x00007ffd62dd9000 	C:\WINDOWS\System32\GDI32.dll
0x00007ffd62400000 - 0x00007ffd6251b000 	C:\WINDOWS\System32\gdi32full.dll
0x00007ffd342a0000 - 0x00007ffd34532000 	C:\WINDOWS\WinSxS\amd64_microsoft.windows.common-controls_6595b64144ccf1df_6.0.22621.4541_none_2710d1c57384c085\COMCTL32.dll
0x00007ffd62170000 - 0x00007ffd6220a000 	C:\WINDOWS\System32\msvcp_win.dll
0x00007ffd5b0e0000 - 0x00007ffd5b0ea000 	C:\WINDOWS\SYSTEM32\VERSION.dll
0x00007ffd62540000 - 0x00007ffd62571000 	C:\WINDOWS\System32\IMM32.DLL
0x00007ffd5d150000 - 0x00007ffd5d15c000 	C:\Program Files\Java\jdk-18.0.2.1\bin\vcruntime140_1.dll
0x00007ffd4b3b0000 - 0x00007ffd4b43d000 	C:\Program Files\Java\jdk-18.0.2.1\bin\msvcp140.dll
0x00007ffcc3d40000 - 0x00007ffcc4951000 	C:\Program Files\Java\jdk-18.0.2.1\bin\server\jvm.dll
0x00007ffd635c0000 - 0x00007ffd635c8000 	C:\WINDOWS\System32\PSAPI.DLL
0x00007ffd5adc0000 - 0x00007ffd5adc9000 	C:\WINDOWS\SYSTEM32\WSOCK32.dll
0x00007ffd5d0e0000 - 0x00007ffd5d114000 	C:\WINDOWS\SYSTEM32\WINMM.dll
0x00007ffd62af0000 - 0x00007ffd62b61000 	C:\WINDOWS\System32\WS2_32.dll
0x00007ffd60b10000 - 0x00007ffd60b28000 	C:\WINDOWS\SYSTEM32\kernel.appcore.dll
0x00007ffd5cb00000 - 0x00007ffd5cb0a000 	C:\Program Files\Java\jdk-18.0.2.1\bin\jimage.dll
0x00007ffd5eca0000 - 0x00007ffd5eed2000 	C:\WINDOWS\SYSTEM32\DBGHELP.DLL
0x00007ffd62e40000 - 0x00007ffd631d1000 	C:\WINDOWS\System32\combase.dll
0x00007ffd63880000 - 0x00007ffd63957000 	C:\WINDOWS\System32\OLEAUT32.dll
0x00007ffd36430000 - 0x00007ffd36462000 	C:\WINDOWS\SYSTEM32\dbgcore.DLL
0x00007ffd62240000 - 0x00007ffd622bb000 	C:\WINDOWS\System32\bcryptPrimitives.dll
0x00007ffd5b0b0000 - 0x00007ffd5b0d5000 	C:\Program Files\Java\jdk-18.0.2.1\bin\java.dll

dbghelp: loaded successfully - version: 4.0.5 - missing functions: none
symbol engine: initialized successfully - sym options: 0x614 - pdb path: .;C:\Program Files\Java\jdk-18.0.2.1\bin;C:\WINDOWS\SYSTEM32;C:\WINDOWS\WinSxS\amd64_microsoft.windows.common-controls_6595b64144ccf1df_6.0.22621.4541_none_2710d1c57384c085;C:\Program Files\Java\jdk-18.0.2.1\bin\server

VM Arguments:
jvm_args: -Dfile.encoding=UTF-8 -Dstdout.encoding=UTF-8 -Dstderr.encoding=UTF-8 --module-path=C:\Users\DELL\eclipse-workspace\CalculatorProject\bin -XX:+ShowCodeDetailsInExceptionMessages -Djdk.module.main=CalculatorProject 
java_command: CalculatorProject/calculator.Main
java_class_path (initial): <not set>
Launcher Type: SUN_STANDARD

[Global flags]
     intx CICompilerCount                          = 4                                         {product} {ergonomic}
     uint ConcGCThreads                            = 2                                         {product} {ergonomic}
     uint G1ConcRefinementThreads                  = 8                                         {product} {ergonomic}
   size_t G1HeapRegionSize                         = 1048576                                   {product} {ergonomic}
    uintx GCDrainStackTargetSize                   = 64                                        {product} {ergonomic}
   size_t InitialHeapSize                          = 62914560                                  {product} {ergonomic}
   size_t MarkStackSize                            = 4194304                                   {product} {ergonomic}
   size_t MaxHeapSize                              = 1002438656                                {product} {ergonomic}
   size_t MinHeapDeltaBytes                        = 1048576                                   {product} {ergonomic}
   size_t MinHeapSize                              = 8388608                                   {product} {ergonomic}
    uintx NonNMethodCodeHeapSize                   = 5839372                                {pd product} {ergonomic}
    uintx NonProfiledCodeHeapSize                  = 122909434                              {pd product} {ergonomic}
    uintx ProfiledCodeHeapSize                     = 122909434                              {pd product} {ergonomic}
    uintx ReservedCodeCacheSize                    = 251658240                              {pd product} {ergonomic}
     bool SegmentedCodeCache                       = true                                      {product} {ergonomic}
     bool ShowCodeDetailsInExceptionMessages       = true                                   {manageable} {command line}
   size_t SoftMaxHeapSize                          = 1002438656                             {manageable} {ergonomic}
     bool UseCompressedClassPointers               = true                           {product lp64_product} {ergonomic}
     bool UseCompressedOops                        = true                           {product lp64_product} {ergonomic}
     bool UseG1GC                                  = true                                      {product} {ergonomic}
     bool UseLargePagesIndividualAllocation        = false                                  {pd product} {ergonomic}

Logging:
Log output configuration:
 #0: stdout all=warning uptime,level,tags foldmultilines=false
 #1: stderr all=off uptime,level,tags foldmultilines=false

Environment Variables:
JAVA_HOME=C:\Program Files\Java\jdk-18.0.2.1
PATH=C:/Program Files/Java/jdk-18.0.2.1/bin/server;C:/Program Files/Java/jdk-18.0.2.1/bin;C:\Program Files\Java\jdk-18.0.2.1\bin;C:\Program Files (x86)\Notepad++;C:\Users\DELL\AppData\Roaming\Microsoft\Windows\Start Menu\Programs\Eclipse;C:\Program Files\Docker\Docker\resources\bin;C:\WINDOWS\system32;C:\WINDOWS;C:\WINDOWS\System32\Wbem;C:\WINDOWS\System32\WindowsPowerShell\v1.0\;C:\WINDOWS\System32\OpenSSH\;C:\Program Files\dotnet\;C:\Users\DELL\Downloads\apache-maven-3.9.7-bin\apache-maven-3.9.7\bin;C:\Program Files\Java\jdk-18.0.2.1\bin;C:\Users\DELL\AppData\Roaming\Microsoft\Windows\Start Menu\Programs\Eclipse;C:\Users\DELL\AppData\Local\Programs\Microsoft VS Code\bin;C:\Users\DELL\AppData\Local\Microsoft\WindowsApps;;C:\WINDOWS\system32;
USERNAME=DELL
OS=Windows_NT
PROCESSOR_IDENTIFIER=Intel64 Family 6 Model 140 Stepping 1, GenuineIntel



---------------  S Y S T E M  ---------------

OS:
 Windows 11 , 64 bit Build 22621 (10.0.22621.4391)
OS uptime: 0 days 5:26 hours
Hyper-V role detected

CPU: total 8 (initial active 8) (4 cores per cpu, 2 threads per core) family 6 model 140 stepping 1 microcode 0xb8, cx8, cmov, fxsr, ht, mmx, 3dnowpref, sse, sse2, sse3, ssse3, sse4.1, sse4.2, popcnt, lzcnt, tsc, tscinvbit, avx, avx2, aes, erms, clmul, bmi1, bmi2, adx, avx512f, avx512dq, avx512cd, avx512bw, avx512vl, sha, fma, vzeroupper, avx512_vpopcntdq, avx512_vpclmulqdq, avx512_vaes, avx512_vnni, clflush, clflushopt, clwb, avx512_vbmi2, avx512_vbmi, hv

Memory: 4k page, system-wide physical 3818M (109M free)
TotalPageFile size 15594M (AvailPageFile size 5M)
current process WorkingSet (physical memory assigned to process): 10M, peak: 10M
current process commit charge ("private bytes"): 13M, peak: 14M

vm_info: Java HotSpot(TM) 64-Bit Server VM (18.0.2.1+1-1) for windows-amd64 JRE (18.0.2.1+1-1), built on Aug 16 2022 01:46:33 by "mach5one" with MS VC++ 16.8 / 16.9 (VS2019)

END.
