#
# There is insufficient memory for the Java Runtime Environment to continue.
# Native memory allocation (mmap) failed to map 62914560 bytes for G1 virtual space
# Possible reasons:
#   The system is out of physical RAM or swap space
#   The process is running with CompressedOops enabled, and the Java Heap may be blocking the growth of the native heap
# Possible solutions:
#   Reduce memory load on the system
#   Increase physical memory or swap space
#   Check if swap backing store is full
#   Decrease Java heap size (-Xmx/-Xms)
#   Decrease number of Java threads
#   Decrease Java thread stack sizes (-Xss)
#   Set larger code cache with -XX:ReservedCodeCacheSize=
#   JVM is running with Unscaled Compressed Oops mode in which the Java heap is
#     placed in the first 4GB address space. The Java Heap base address is the
#     maximum limit for the native heap growth. Please use -XX:HeapBaseMinAddress
#     to set the Java Heap base and to place the Java Heap above 4GB virtual address.
# This output file may be truncated or incomplete.
#
#  Out of Memory Error (os_windows.cpp:3530), pid=3368, tid=11836
#
# JRE version:  (18.0.2.1+1) (build )
# Java VM: Java HotSpot(TM) 64-Bit Server VM (18.0.2.1+1-1, mixed mode, sharing, tiered, compressed oops, compressed class ptrs, g1 gc, windows-amd64)
# No core dump will be written. Minidumps are not enabled by default on client versions of Windows
#

---------------  S U M M A R Y ------------

Command Line: -Dfile.encoding=UTF-8 -Dstdout.encoding=UTF-8 -Dstderr.encoding=UTF-8 --module-path=C:\Users\DELL\eclipse-workspace\AtmProject\bin -XX:+ShowCodeDetailsInExceptionMessages -Djdk.module.main=AtmProject AtmProject/atm.AtmMachine

Host: 11th Gen Intel(R) Core(TM) i5-1135G7 @ 2.40GHz, 8 cores, 3G,  Windows 11 , 64 bit Build 22621 (10.0.22621.3958)
Time: Tue Sep  3 18:28:08 2024 India Standard Time elapsed time: 0.016652 seconds (0d 0h 0m 0s)

---------------  T H R E A D  ---------------

Current thread (0x000002485cfc8a20):  JavaThread "Unknown thread" [_thread_in_vm, id=11836, stack(0x0000004cc1400000,0x0000004cc1500000)]

Stack: [0x0000004cc1400000,0x0000004cc1500000]
Native frames: (J=compiled Java code, j=interpreted, Vv=VM code, C=native code)
V  [jvm.dll+0x6993aa]
V  [jvm.dll+0x7f46dd]
V  [jvm.dll+0x7f5fee]
V  [jvm.dll+0x7f66a3]
V  [jvm.dll+0x25cf1f]
V  [jvm.dll+0x6962f9]
V  [jvm.dll+0x68ae2a]
V  [jvm.dll+0x32255b]
V  [jvm.dll+0x329f36]
V  [jvm.dll+0x37eade]
V  [jvm.dll+0x37ed0f]
V  [jvm.dll+0x2fa2da]
V  [jvm.dll+0x2fb33d]
V  [jvm.dll+0x7c3310]
V  [jvm.dll+0x38be61]
V  [jvm.dll+0x7a2023]
V  [jvm.dll+0x40dc3f]
V  [jvm.dll+0x40f611]
C  [jli.dll+0x526b]
C  [ucrtbase.dll+0x29333]
C  [KERNEL32.DLL+0x1257d]
C  [ntdll.dll+0x5af28]


---------------  P R O C E S S  ---------------

Threads class SMR info:
_java_thread_list=0x00007ff978d2e550, length=0, elements={
}

Java Threads: ( => current thread )

Other Threads:
  0x000002485d006a80 WorkerThread "GC Thread#0" [stack: 0x0000004cc1500000,0x0000004cc1600000] [id=19952]
  0x000002485d010050 ConcurrentGCThread "G1 Main Marker" [stack: 0x0000004cc1600000,0x0000004cc1700000] [id=17232]
  0x000002485d010950 WorkerThread "G1 Conc#0" [stack: 0x0000004cc1700000,0x0000004cc1800000] [id=12488]

[error occurred during error reporting (printing all threads), id 0xc0000005, EXCEPTION_ACCESS_VIOLATION (0xc0000005) at pc=0x00007ff97855a877]

VM state: not at safepoint (not fully initialized)

VM Mutex/Monitor currently owned by a thread:  ([mutex/lock_event])
[0x000002485cfc5d90] Heap_lock - owner thread: 0x000002485cfc8a20

Heap address: 0x00000000c4400000, size: 956 MB, Compressed Oops mode: 32-bit

CDS archive(s) mapped at: [0x0000000000000000-0x0000000000000000-0x0000000000000000), size 0, SharedBaseAddress: 0x0000000800000000, ArchiveRelocationMode: 0.
Narrow klass base: 0x0000000000000000, Narrow klass shift: 0, Narrow klass range: 0x0

GC Precious Log:
 CardTable entry size: 512
 Card Set container configuration: InlinePtr #cards 5 size 8 Array Of Cards #cards 12 size 40 Howl #buckets 4 coarsen threshold 1843 Howl Bitmap #cards 512 size 80 coarsen threshold 460 Card regions per heap region 1 cards per card region 2048

Heap:
 garbage-first heap   total 0K, used 0K [0x00000000c4400000, 0x0000000100000000)
  region size 1024K, 0 young (0K), 0 survivors (0K)

[error occurred during error reporting (printing heap information), id 0xc0000005, EXCEPTION_ACCESS_VIOLATION (0xc0000005) at pc=0x00007ff978941839]

GC Heap History (0 events):
No events

Deoptimization events (0 events):
No events

Classes loaded (0 events):
No events

Classes unloaded (0 events):
No events

Classes redefined (0 events):
No events

Internal exceptions (0 events):
No events

VM Operations (0 events):
No events

Events (1 events):
Event: 0.010 Loaded shared library C:\Program Files\Java\jdk-18.0.2.1\bin\java.dll


Dynamic libraries:
0x00007ff6bc520000 - 0x00007ff6bc530000 	C:\Program Files\Java\jdk-18.0.2.1\bin\javaw.exe
0x00007ff9e0d70000 - 0x00007ff9e0f87000 	C:\WINDOWS\SYSTEM32\ntdll.dll
0x00007ff9dfee0000 - 0x00007ff9dffa4000 	C:\WINDOWS\System32\KERNEL32.DLL
0x00007ff9de5d0000 - 0x00007ff9de97d000 	C:\WINDOWS\System32\KERNELBASE.dll
0x00007ff9de230000 - 0x00007ff9de341000 	C:\WINDOWS\System32\ucrtbase.dll
0x00007ff9c9d00000 - 0x00007ff9c9d1a000 	C:\Program Files\Java\jdk-18.0.2.1\bin\VCRUNTIME140.dll
0x00007ff9c9d20000 - 0x00007ff9c9d38000 	C:\Program Files\Java\jdk-18.0.2.1\bin\jli.dll
0x00007ff9e0c50000 - 0x00007ff9e0d02000 	C:\WINDOWS\System32\ADVAPI32.dll
0x00007ff9dfe30000 - 0x00007ff9dfed7000 	C:\WINDOWS\System32\msvcrt.dll
0x00007ff9e07e0000 - 0x00007ff9e0889000 	C:\WINDOWS\System32\sechost.dll
0x00007ff9de090000 - 0x00007ff9de0b8000 	C:\WINDOWS\System32\bcrypt.dll
0x00007ff9e08b0000 - 0x00007ff9e09c4000 	C:\WINDOWS\System32\RPCRT4.dll
0x00007ff9e02d0000 - 0x00007ff9e047e000 	C:\WINDOWS\System32\USER32.dll
0x00007ff9c7540000 - 0x00007ff9c77d3000 	C:\WINDOWS\WinSxS\amd64_microsoft.windows.common-controls_6595b64144ccf1df_6.0.22621.3672_none_2713b9d173822955\COMCTL32.dll
0x00007ff9de460000 - 0x00007ff9de486000 	C:\WINDOWS\System32\win32u.dll
0x00007ff9defe0000 - 0x00007ff9df009000 	C:\WINDOWS\System32\GDI32.dll
0x00007ff9de980000 - 0x00007ff9dea99000 	C:\WINDOWS\System32\gdi32full.dll
0x00007ff9de3c0000 - 0x00007ff9de45a000 	C:\WINDOWS\System32\msvcp_win.dll
0x00007ff9d9370000 - 0x00007ff9d937a000 	C:\WINDOWS\SYSTEM32\VERSION.dll
0x00007ff9e0c10000 - 0x00007ff9e0c41000 	C:\WINDOWS\System32\IMM32.DLL
0x00007ff9d85e0000 - 0x00007ff9d85ec000 	C:\Program Files\Java\jdk-18.0.2.1\bin\vcruntime140_1.dll
0x00007ff97bc20000 - 0x00007ff97bcad000 	C:\Program Files\Java\jdk-18.0.2.1\bin\msvcp140.dll
0x00007ff978250000 - 0x00007ff978e61000 	C:\Program Files\Java\jdk-18.0.2.1\bin\server\jvm.dll
0x00007ff9e0ac0000 - 0x00007ff9e0ac8000 	C:\WINDOWS\System32\PSAPI.DLL
0x00007ff9d93e0000 - 0x00007ff9d9414000 	C:\WINDOWS\SYSTEM32\WINMM.dll
0x00007ff9bd390000 - 0x00007ff9bd399000 	C:\WINDOWS\SYSTEM32\WSOCK32.dll
0x00007ff9e0630000 - 0x00007ff9e06a1000 	C:\WINDOWS\System32\WS2_32.dll
0x00007ff9dd090000 - 0x00007ff9dd0a8000 	C:\WINDOWS\SYSTEM32\kernel.appcore.dll
0x00007ff9bca50000 - 0x00007ff9bca5a000 	C:\Program Files\Java\jdk-18.0.2.1\bin\jimage.dll
0x00007ff9db3d0000 - 0x00007ff9db602000 	C:\WINDOWS\SYSTEM32\DBGHELP.DLL
0x00007ff9df9a0000 - 0x00007ff9dfd2d000 	C:\WINDOWS\System32\combase.dll
0x00007ff9e0b30000 - 0x00007ff9e0c07000 	C:\WINDOWS\System32\OLEAUT32.dll
0x00007ff9abf10000 - 0x00007ff9abf42000 	C:\WINDOWS\SYSTEM32\dbgcore.DLL
0x00007ff9de550000 - 0x00007ff9de5cb000 	C:\WINDOWS\System32\bcryptPrimitives.dll
0x00007ff994f40000 - 0x00007ff994f65000 	C:\Program Files\Java\jdk-18.0.2.1\bin\java.dll

dbghelp: loaded successfully - version: 4.0.5 - missing functions: none
symbol engine: initialized successfully - sym options: 0x614 - pdb path: .;C:\Program Files\Java\jdk-18.0.2.1\bin;C:\WINDOWS\SYSTEM32;C:\WINDOWS\WinSxS\amd64_microsoft.windows.common-controls_6595b64144ccf1df_6.0.22621.3672_none_2713b9d173822955;C:\Program Files\Java\jdk-18.0.2.1\bin\server

VM Arguments:
jvm_args: -Dfile.encoding=UTF-8 -Dstdout.encoding=UTF-8 -Dstderr.encoding=UTF-8 --module-path=C:\Users\DELL\eclipse-workspace\AtmProject\bin -XX:+ShowCodeDetailsInExceptionMessages -Djdk.module.main=AtmProject 
java_command: AtmProject/atm.AtmMachine
java_class_path (initial): <not set>
Launcher Type: SUN_STANDARD

[Global flags]
     intx CICompilerCount                          = 4                                         {product} {ergonomic}
     uint ConcGCThreads                            = 2                                         {product} {ergonomic}
     uint G1ConcRefinementThreads                  = 8                                         {product} {ergonomic}
   size_t G1HeapRegionSize                         = 1048576                                   {product} {ergonomic}
    uintx GCDrainStackTargetSize                   = 64                                        {product} {ergonomic}
   size_t InitialHeapSize                          = 62914560                                  {product} {ergonomic}
   size_t MarkStackSize                            = 4194304                                   {product} {ergonomic}
   size_t MaxHeapSize                              = 1002438656                                {product} {ergonomic}
   size_t MinHeapDeltaBytes                        = 1048576                                   {product} {ergonomic}
   size_t MinHeapSize                              = 8388608                                   {product} {ergonomic}
    uintx NonNMethodCodeHeapSize                   = 5839372                                {pd product} {ergonomic}
    uintx NonProfiledCodeHeapSize                  = 122909434                              {pd product} {ergonomic}
    uintx ProfiledCodeHeapSize                     = 122909434                              {pd product} {ergonomic}
    uintx ReservedCodeCacheSize                    = 251658240                              {pd product} {ergonomic}
     bool SegmentedCodeCache                       = true                                      {product} {ergonomic}
     bool ShowCodeDetailsInExceptionMessages       = true                                   {manageable} {command line}
   size_t SoftMaxHeapSize                          = 1002438656                             {manageable} {ergonomic}
     bool UseCompressedClassPointers               = true                           {product lp64_product} {ergonomic}
     bool UseCompressedOops                        = true                           {product lp64_product} {ergonomic}
     bool UseG1GC                                  = true                                      {product} {ergonomic}
     bool UseLargePagesIndividualAllocation        = false                                  {pd product} {ergonomic}

Logging:
Log output configuration:
 #0: stdout all=warning uptime,level,tags foldmultilines=false
 #1: stderr all=off uptime,level,tags foldmultilines=false

Environment Variables:
PATH=C:/Program Files/Java/jdk-18.0.2.1/bin/server;C:/Program Files/Java/jdk-18.0.2.1/bin;C:\Program Files\Java\jdk-18.0.2.1\bin;C:\Program Files (x86)\Notepad++;C:\Users\DELL\AppData\Roaming\Microsoft\Windows\Start Menu\Programs\Eclipse;C:\Program Files\Docker\Docker\resources\bin;C:\WINDOWS\system32;C:\WINDOWS;C:\WINDOWS\System32\Wbem;C:\WINDOWS\System32\WindowsPowerShell\v1.0\;C:\WINDOWS\System32\OpenSSH\;C:\Program Files\dotnet\;C:\Users\DELL\Downloads\apache-maven-3.9.7-bin\apache-maven-3.9.7\bin;C:\Users\DELL\AppData\Roaming\Microsoft\Windows\Start Menu\Programs\Eclipse;C:\Users\DELL\AppData\Local\Programs\Microsoft VS Code\bin;C:\Users\DELL\AppData\Local\Microsoft\WindowsApps;;C:\WINDOWS\System32;
USERNAME=DELL
OS=Windows_NT
PROCESSOR_IDENTIFIER=Intel64 Family 6 Model 140 Stepping 1, GenuineIntel



---------------  S Y S T E M  ---------------

OS:
 Windows 11 , 64 bit Build 22621 (10.0.22621.3958)
OS uptime: 3 days 1:15 hours
Hyper-V role detected

CPU: total 8 (initial active 8) (4 cores per cpu, 2 threads per core) family 6 model 140 stepping 1 microcode 0xb4, cx8, cmov, fxsr, ht, mmx, 3dnowpref, sse, sse2, sse3, ssse3, sse4.1, sse4.2, popcnt, lzcnt, tsc, tscinvbit, avx, avx2, aes, erms, clmul, bmi1, bmi2, adx, avx512f, avx512dq, avx512cd, avx512bw, avx512vl, sha, fma, vzeroupper, avx512_vpopcntdq, avx512_vpclmulqdq, avx512_vaes, avx512_vnni, clflush, clflushopt, clwb, avx512_vbmi2, avx512_vbmi, hv

Memory: 4k page, system-wide physical 3818M (263M free)
TotalPageFile size 15594M (AvailPageFile size 17M)
current process WorkingSet (physical memory assigned to process): 11M, peak: 11M
current process commit charge ("private bytes"): 60M, peak: 120M

vm_info: Java HotSpot(TM) 64-Bit Server VM (18.0.2.1+1-1) for windows-amd64 JRE (18.0.2.1+1-1), built on Aug 16 2022 01:46:33 by "mach5one" with MS VC++ 16.8 / 16.9 (VS2019)

END.
